0 info it worked if it ends with ok
1 verbose cli [ '/usr/bin/nodejs',
1 verbose cli   '/usr/bin/npm',
1 verbose cli   'install',
1 verbose cli   '/home/apprentice/rentice/Documents/RESTfulVendingMachine/js',
1 verbose cli   'bigdecimal' ]
2 info using npm@3.5.2
3 info using node@v4.2.6
4 verbose config Skipping project config: /home/apprentice/.npmrc. (matches userconfig)
5 silly loadCurrentTree Starting
6 silly install loadCurrentTree
7 silly install readLocalPackageData
8 silly fetchPackageMetaData /home/apprentice/rentice/Documents/RESTfulVendingMachine/js
9 silly fetchPackageMetaData bigdecimal
10 silly fetchOtherPackageData /home/apprentice/rentice/Documents/RESTfulVendingMachine/js
11 silly cache add args [ '/home/apprentice/rentice/Documents/RESTfulVendingMachine/js',
11 silly cache add   null ]
12 verbose cache add spec /home/apprentice/rentice/Documents/RESTfulVendingMachine/js
13 silly fetchNamedPackageData bigdecimal
14 silly mapToRegistry name bigdecimal
15 silly mapToRegistry using default registry
16 silly mapToRegistry registry https://registry.npmjs.org/
17 silly mapToRegistry uri https://registry.npmjs.org/bigdecimal
18 silly cache add parsed spec Result {
18 silly cache add   raw: '/home/apprentice/rentice/Documents/RESTfulVendingMachine/js',
18 silly cache add   scope: null,
18 silly cache add   name: null,
18 silly cache add   rawSpec: '/home/apprentice/rentice/Documents/RESTfulVendingMachine/js',
18 silly cache add   spec: '/home/apprentice/rentice/Documents/RESTfulVendingMachine/js',
18 silly cache add   type: 'local' }
19 error addLocal Could not install /home/apprentice/rentice/Documents/RESTfulVendingMachine/js
20 silly fetchPackageMetaData Error: ENOENT: no such file or directory, open '/home/apprentice/rentice/Documents/RESTfulVendingMachine/js'
20 silly fetchPackageMetaData     at Error (native)
20 silly fetchPackageMetaData  error for /home/apprentice/rentice/Documents/RESTfulVendingMachine/js { [Error: ENOENT: no such file or directory, open '/home/apprentice/rentice/Documents/RESTfulVendingMachine/js']
20 silly fetchPackageMetaData   errno: -2,
20 silly fetchPackageMetaData   code: 'ENOENT',
20 silly fetchPackageMetaData   syscall: 'open',
20 silly fetchPackageMetaData   path: '/home/apprentice/rentice/Documents/RESTfulVendingMachine/js' }
21 verbose request uri https://registry.npmjs.org/bigdecimal
22 verbose request no auth needed
23 info attempt registry request try #1 at 8:03:36 PM
24 verbose request id b7de36fdac0940b2
25 verbose etag W/"59111835-a80"
26 verbose lastModified Tue, 09 May 2017 01:15:33 GMT
27 http request GET https://registry.npmjs.org/bigdecimal
28 http 304 https://registry.npmjs.org/bigdecimal
29 verbose headers { date: 'Sun, 18 Jun 2017 00:03:35 GMT',
29 verbose headers   via: '1.1 varnish',
29 verbose headers   'cache-control': 'max-age=300',
29 verbose headers   etag: 'W/"59111835-a80"',
29 verbose headers   age: '0',
29 verbose headers   connection: 'keep-alive',
29 verbose headers   'x-served-by': 'cache-ord1734-ORD',
29 verbose headers   'x-cache': 'MISS',
29 verbose headers   'x-cache-hits': '0',
29 verbose headers   'x-timer': 'S1497744215.293232,VS0,VE28',
29 verbose headers   vary: 'Accept-Encoding' }
30 silly get cb [ 304,
30 silly get   { date: 'Sun, 18 Jun 2017 00:03:35 GMT',
30 silly get     via: '1.1 varnish',
30 silly get     'cache-control': 'max-age=300',
30 silly get     etag: 'W/"59111835-a80"',
30 silly get     age: '0',
30 silly get     connection: 'keep-alive',
30 silly get     'x-served-by': 'cache-ord1734-ORD',
30 silly get     'x-cache': 'MISS',
30 silly get     'x-cache-hits': '0',
30 silly get     'x-timer': 'S1497744215.293232,VS0,VE28',
30 silly get     vary: 'Accept-Encoding' } ]
31 verbose etag https://registry.npmjs.org/bigdecimal from cache
32 verbose get saving bigdecimal to /home/apprentice/.npm/registry.npmjs.org/bigdecimal/.cache.json
33 silly rollbackFailedOptional Starting
34 silly rollbackFailedOptional Finishing
35 silly runTopLevelLifecycles Starting
36 silly runTopLevelLifecycles Finishing
37 silly install printInstalled
38 verbose stack Error: ENOENT: no such file or directory, open '/home/apprentice/rentice/Documents/RESTfulVendingMachine/js'
38 verbose stack     at Error (native)
39 verbose cwd /home/apprentice/Documents/RESTfulVendingMachine/js
40 error Linux 4.4.0-79-generic
41 error argv "/usr/bin/nodejs" "/usr/bin/npm" "install" "/home/apprentice/rentice/Documents/RESTfulVendingMachine/js" "bigdecimal"
42 error node v4.2.6
43 error npm  v3.5.2
44 error path /home/apprentice/rentice/Documents/RESTfulVendingMachine/js
45 error code ENOENT
46 error errno -2
47 error syscall open
48 error enoent ENOENT: no such file or directory, open '/home/apprentice/rentice/Documents/RESTfulVendingMachine/js'
49 error enoent ENOENT: no such file or directory, open '/home/apprentice/rentice/Documents/RESTfulVendingMachine/js'
49 error enoent This is most likely not a problem with npm itself
49 error enoent and is related to npm not being able to find a file.
50 verbose exit [ -2, true ]
